[   0.0000] niializing cgroup subsys cpuset
[    0.00000Initializing cgroup subsys cpu
[    0.000000] Initializing cgroup subsys cpuacct
[    0.000000] Linux version 4.4.0-130-generic (buildd@lgw01-amd64-039) (gcc version 5.4.0 20160609 (Ubuntu 5.4.0-6ubuntu1~16.04.9) ) #156-Ubuntu SMP Thu Jun 14 08:53:28 UTC 2018 (Ubuntu 4.4.0-130.156-generic 4.4.134)
[    0.000000] Command line: BOOT_IMAGE=/boot/vmlinuz-4.4.0-130-generic root=UUID=84e91f24-0077-40f3-aab8-b49b8e1f4506 ro console=tty1 console=ttyS0
[    0.000000] KERNEL supported cpus:
[    0.000000]   Intel GenuineIntel
[    0.000000]   AMD AuthenticAMD
[    0.000000]   Centaur CentaurHauls
[    0.000000] x86/fpu: xstate_offset[2]:  576, xstate_sizes[2]:  256
[    0.000000] x86/fpu:  Supporting XSAVE feature 0x01: 'x87 floating point registers'
[   000000]86pu: Supporti XAVE eare0x02 'E egisrs
[    0.000000] x86/fpu: Supporting XSAVE feature 0x04: 'AVX registers'
[    0.000000] x8/fpu: Enabled xstate features 0x7, context size is 832 bytes, using 'standrd' form.[    0000] x86/u:sing 'eager' FPU contextt switches.
[    0.000000] e820: BIOS-provided physical RAM map:
[    0.000000] BIOS-e820: [mem 0x0000000000000000-0x000000000009fbff] usable
[    0.000000] BIOS-e820: [mem 0x000000000009fc00-0x000000000009ffff] reserved
[    0.000000] BIOS-e820: [mem 0x00000000000f0000-0x00000000000fffff] reserved
[    0.000000] BIOS-e820: [mem 0x0000000000100000-0x00000000dffeffff] usable
[    0.000000] BIOS-e820: [mem 0x00000000dfff0000-0x00000000dfffffff] ACPI data
[    0.000000] BIOS-e820: [mem 0x00000000fec00000-0x00000000fec00fff] reserved
[    0.000000] BIOS-e820: [mem 0x00000000fee00000-0x00000000fee00fff] reserved
[    0.000000] BIOS-e820: [mem 0x00000000fffc0000-0x00000000ffffffff] reserved
[    0.000000] BIOS-e820: [mem 0x0000000100000000-0x000000011fffffff] usable
[    0.000000] NX (Execute Disable) protection: active
[    0.000000] SMBIOS 2.5 present.
[    0.000000] Hypervisor detected: KVM
[    0.000000] e820: last_pfn = 0x120000 max_arch_pfn = 0x400000000
[    0.000000] MTRR: Disabled
[    0.000000] x86/PAT: MTRRs disabled, skipping PAT initialization too.
[    0.000000] CPU MTRRs all blank - virtualized system.
[    0.000000] x86/PAT: Configuration [0-7]: WB  WT  UC- UC  WB  WT  UC- UC  
[    0.000000] e820: last_pfn = 0xdfff0 max_arch_pfn = 0x400000000
[    0.000000] found SMP MP-table at [mem 0x0009fff0-0x0009ffff] mapped at [ffff88000009fff0]
[    0.000000] Scanning 1 areas for low memory corruption
[    0.000000] RAMDISK: [mem 0x361f0000-0x370effff]
[    0.000000] ACPI: Early table checksum verification disabled
[    0.000000] ACPI: RSDP 0x00000000000E0000 000024 (v02 VBOX  )
[    0.000000] ACPI: XSDT 0x0000000DFF003003C (v0VB   VBOXS 00000 A  00000061)
[    0.000000] ACPI: FACP 0x00000000DFFF00F0 0000F4 (v04 VBOX   VBOXFACP 00000001 ASL  00000061)
[    0.000000] ACPI: DSDT 0x00000000DFFF0470 0021FF (v02 VBOX   VBOXBIOS 00000002 INTL 20160831)
[    0.000000] ACPI: FACS 0x00000000DFFF0200 000040
[    0.000000] ACPI: FACS 0x00000000DFFF0200 000040
[    0.000000] ACPI: APIC 0x00000000DFFF0240 00005C (v02 VBOX   VBOXAPIC 00000001 ASL  00000061)
[    0.000000] ACPI: SSDT 0x00000000DFFF02A0 0001CC (v01 VBOX   VBOXCPUT 00000002 INTL 20160831)
[    0.000000] No NUMA configuration found
[    0.000000] Faking a node at [mem 0x0000000000000000-0x000000011fffffff]
[    0.000000] NODE_DATA(0) allocated [mem 0x11fff7000-0x11fffbfff]
[    0.000000] kvm-clock: Using msrs 4b564d01 and 4b564d00
[    0.000000] kvm-clock: cpu 0, msr 1:1ffef001, primary cpu clock
[    0.000000] kvm-clock: using sched offset of 3567290710 cycles
[    0.000000] clocksource: kvm-clock: mask: 0xffffffffffffffff max_cycles: 0x1cd42e4dffb, max_idle_ns: 881590591483 ns
[    0.000000] Zone ranges:
[    0.000000]   DMA      [mem 0x0000000000001000-0x0000000000ffffff]
[    0.000000]   DMA32    [mem 0x0000000001000000-0x00000000ffffffff]
[    0.000000]   Normal   [mem 0x0000000100000000-0x000000011fffffff]
[    0.000000]   Device   empty
[    0.000000] Movable zone start for each node
[    0.000000] Early memory node ranges
[    0.000000]   node   0: [mem 0x0000000000001000-0x000000000009efff]
[    0.000000]   node   0: [mem 0x0000000000100000-0x00000000dffeffff]
[    0.000000]   node   0: [mem 0x0000000100000000-0x0000001fffff
    0.0000Initemetp node 0 [m 00000000001000-x0000001fffff]
[    0.000000] ACPI: PMM-Timer IO Port: 0x4008
[    0.000000] IOAPIC[0]: apic_id 2, version 32, address 0xfec00000, GSI 0-23
[    0.000000] ACPI: INT_SRC_OVR (bus 0 bus_irq 0 global_irq 2 dfl dfl)
[    0.000000] ACPI: INT_SRC_OVR (bus 0 bus_irq 9 global_irq 9 low level)
[    0.000000] Using ACPI (MADT) for SMP configuration information
[    0.000000] smpboot: Allowing 2 CPUs, 0 hotplug CPUs
[    0.000000] PM: Registered nosave memory: [mem 0x00000000-0x00000fff]
[    0.000000] PM: Registered nosave memory: [mem 0x0009f000-0x0009ffff]
[    0.000000] PM: Registered nosave memory: [mem 0x000a0000-0x000effff]
[    0.000000] PM: Registered nose mory: [mm 00f000-000ffff][  0.000000] PM: Registered nosave memoryy: [em 0xdfff0000-0xdfffffff]
[    0.000000] PM: Registered nosave memory: [mem 0xe0000000-0xfebffff]
[    0.0000 P: Registered nave memory: [mem 0xfec00000-0xfec00fff]
[    0.000000] PM: Registered nosave memory: [mem 0xfec01000-0xfedfffff]
[    0.000000] PM: Registered nosave memory: [mem 0xfee00000-0xfee00fff]
[    0.000000] PM: Registered nosave memory: [mem 0xfee01000-0xfffbffff]
[    0.000000] PM: Registered nosave memory: [mem 0xfffc0000-0xffffffff]
[    0.000000] e820: [mem 0xe0000000-0xfebfffff] available for PCI devices
[    0.000000] Booting paravirtualized kernel on KVM
[    0.000000] clocksource: refined-jiffies: mask: 0xffffffff max_cycles: 0xffffffff, max_idle_ns: 7645519600211568 ns
[    0.000000] setup_percpu: NR_CPUS:512 nr_cpumask_bits:512 nr_cpu_ids:2 nr_node_ids:1
[    0.000000] PERCPU: Embedded 34 pages/cpu @ffff88011fc00000 s99544 r8192 d31528 u1048576
[    0.000000] PV qspinlock hash table entries: 256 (order: 0, 4096 bytes)
[    0.000000] Built 1 zonelists in Node order, mobility grouping on.  Total pages: 1032056
[    0.000000] Policy zon Norma
  0.000000 Krn command line: BOOT_IMAGE=/boot/vmlinuz-4.4.0-130-generc oot=UUID=84e91f24-0077-40f3-aab8-b49b8e1f4506 ro console=tty1 console=ttyS0
[    0.000000] PID hash table entries: 4096 (order: 3, 32768 bytes)
[    0.000000] Memory: 4027668K/4193848K available (8546K kernel code, 1313K rwdata, 4000K rodata, 1516K init, 1316K bss, 166180K reserved, 0K cma-reserved)
[    0.000000] SLUB: HWalign=64, Order=0-3, MinObjects=0, CPUs=2, Nodes=1
[    0.000000] Kernel/User page tables isolation: enabled
[    0.000000] Hierarchical RCU implementation.
[    0.000000] 	Build-time adjustment of leaf fanout to 64.
[    0.000000] 	RCU restricting CPUs from NR_CPUS=512 to nr_cpu_ids=2.
[    0.000000] RCU: Adjusting geometry for rcu_fanout_leaf=64, nr_cpu_ids=2
[    0.000000] NR_IRQS:33024 nr_irqs:440 16
[    0.000000] Console: colour VGA+ 80x25
[    0.000000] console [tty1] enabled
[    0.000000] console [ttyS0] enabled
[    0.000000] tsc: Detected 2495.996 MHz processor
[    2.182314] Calibrating delay loop (skipped) preset value.. 4991.99 BogoMIPS (lpj=9983984)
[    2.183495] pid_max: default: 32768 minimum: 301
[    2.184131] ACPI: Core revision 20150930
[    2.185671] ACPI: 2 ACPI AML tables successfully acquired and loaded
[    2.206524] Security Framework initialized
[    2.238067] Yama: becoming mindful.
[    2.238773] AppArmor: AppArmor initialized
[    2.240055] Dentry cache hash table entries: 524288 (order: 10, 4194304 bytes)
[    2.242660] Inode-cache hash table entries: 262144 (order: 9, 2097152 bytes)
[    2.327242] Mount-cache hash table entries: 8192 (order: 4, 65536 bytes)
[    2.365601] Mountpoint-cache hash table entries: 8192 (order: 4, 65536 bytes)
[    2.367049] Initializing cgroup subsys io
[    2.367656] Initializing cgroup subsys memory
[    2.368286] Initializing cgroup subsys devices
[    2.368979] Initializing cgroup subsys freezer
[    2.381463] Initializing cgroup subsys net_cls
[    2.435760] Initializing cgroup subsys perf_event
[    2.501591] Initializing cgroup subsys net_prio
[    2.566529] Initializing cgroup subsys hugetlb
[    2.617906] Initializing cgroup subsys pids
[    2.637856] CPU: Physical Processor ID: 0
[    2.695973] CPU: Processor Core ID: 0
[    2.746640] mce: CPU supports 0 MCE banks
[    2.806532] Last level iTLB entries: 4KB 128, 2MB 8, 4MB 8
[    2.893377] Last level dTLB entries: 4KB 64, 2MB 0, 4MB 0, 1GB 4
[    2.901719] Spectre V2 : Mitigation: Full generic retpoline
[    2.902447] Spectre V2 : Speculation control IBPB not-supported IBRS not-supported
[    2.926696] Spectre V2 : Filling RSB on context switch
[    2.961155] Speculative Store Bypass: Vulnerable
[    2.964102] Freeing SMP alternatives memory: 32K
[    2.985615] ftrace: allocating 32245 entries in 126 pages
[    3.119084] smpboot: APIC(0) Converting physical 0 to logical package 0
[    3.211421] smpboot: Max logical packages: 1
[    3.236344] x2apic enabled
[    3.277899] Switched APIC routing to physical x2apic.
[    3.337155] ..TIMER: vector=0x30 apic1=0 pin1=2 apic2=-1 pin2=-1
[    3.445297] smpboot: CPU0: Intel(R) Core(TM) i5-7300HQ CPU @ 2.50GHz (family: 0x6, model: 0x9e, stepping: 0x9)
[    3.611325] Performance Events: unsupported p6 CPU model 158 no PMU driver, software events only.
[    3.646730] KVM setup paravirtual spinlock
[    3.647932] x86: Booting SMP configuration:
[    3.648540] .... node  #0, CPUs:      #1
    3.649182] kvm-clock: cpu 1, msr 1:1ffef041, secondary cpu clock
[    3.671297] mce: CPU supports 0 MCE banks
[    3.673925] x86: Booted up 1 node, 2 CPUs
[    3.674758] smpboot: Total of 2 processors activated (9983.98 BogoMIPS)
[    3.675885] devtmpfs: initialized
[    3.678447] evm: security.selinux
[    3.678968] evm: security.SMACK64
[    3.679503] evm: security.SMACK64EXEC
[    3.701573] evm: security.SMACK64TRANSMUTE
[    3.725860] evm: security.SMACK64MMAP
[    3.734036] evm: security.ima
[    3.742086] evm: security.capability
[    3.746419] clocksource: jiffies: mask: 0xffffffff max_cycles: 0xffffffff, max_idle_ns: 7645041785100000 ns
[    3.750880] futex hash table entries: 512 (order: 3, 32768 bytes)
[    3.775914] pinctrl core: initialized pinctrl subsystem
[    3.776708] RTC time:  2:27:19, date: 07/20/18
[    3.777558] NET: Registered protocol family 16
[    3.789486] cpuidle: using governor ladder
[    3.809827] cpuidle: using governor menu
[    3.823886] PCCT header not found.
[    3.824548] ACPI: bus type PCI registered
[    3.846040] acpiphp: ACPI Hot Plug PCI Controller Driver version: 0.5
[    3.854457] PCI: Using configuration type 1 for base access
[    3.878725] ACPI: Added _OSI(Module Device)
[    3.879426] ACPI: Added _OSI(Processor Device)
[    3.880071] ACPI: Added _OSI(3.0 _SCP Extensions)
[    3.880712] ACPI: Added _OSI(Processor Aggregator Device)
[    3.882006] ACPI: Executed 1 blocks of module-level executable AML code
[    3.884824] ACPI: Interpreter enabled
[    3.885411] ACPI: (supports S0 S5)
[    3.894791] ACPI: Using IOAPIC for interrupt routing
[    3.903282] PCI: Using host bridge windows from ACPI; if necessary, use "pci=nocrs" and report a bug
[    3.907357] ACPI: PCI Root Bridge [PCI0] (domain 0000 [bus 00-ff])
[    3.909994] acpi PNP0A03:00: _OSC: OS supports [ASPM ClockPM Segments MSI]
[    3.918010] acpi PNP0A03:00: _OSC: not requesting OS control; OS requires [ExtendedConfig ASPM ClockPM MSI]
[    3.919589] acpi PNP0A03:00: fail to add MMCONFIG information, can't access extended PCI configuration space under this bridge.
[    3.930226] PCI host bridge to bus 0000:00
[    3.938093] pci_bus 0000:00: root bus resource [io  0x0000-0x0cf7 window]
[    3.946346] pci_bus 0000:00: root bus resource [io  0x0d00-0xffff window]
[    3.950417] pci_bus 0000:00: root bus resource [mem 0x000a0000-0x000bffff window]
[    3.966563] pci_bus 0000:00: root bus resource [mem 0xe0000000-0xfdffffff window]
[    3.967730] pci_bus 0000:00: root bus resource [bus 00-ff]
[    3.969812] pci 0000:00:01.1: legacy IDE quirk: reg 0x10: [io  0x01f0-0x01f7]
[    3.970851] pci 0000:00:01.1: legacy IDE quirk: reg 0x14: [io  0x03f6]
[    3.971721] pci 0000:00:01.1: legacy IDE quirk: reg 0x18: [io  0x0170-0x0177]
[    3.973009] pci 0000:00:01.1: legacy IDE quirk: reg 0x1c: [io  0x0376]
[    4.025584] pci 0000:00:07.0: quirk: [io  0x4000-0x403f] claimed by PIIX4 ACPI
[    4.030639] pci 0000:00:07.0: quirk: [io  0x4100-0x410f] claimed by PIIX4 SMB
[    4.062826] ACPI: PCI Interrupt Link [LNKA] (IRQs 5 9 10 *11)
[    4.087990] ACPI: PCI Interrupt Link [LNKB] (IRQs 5 9 *10 11)
[    4.089833] ACPI: PCI Interrupt Link [LNKC] (IRQs 5 *9 10 11)
[    4.091302] ACPI: PCI Interrupt Link [LNKD] (IRQs 5 9 10 *11)
[    4.092814] ACPI: Enabled 2 GPEs in block 00 to 07
[    4.094352] vgaarb: setting as boot device: PCI:0000:00:02.0
[    4.095653] vgaarb: device added: PCI:0000:00:02.0,decodes=io+mem,owns=io+mem,locks=none
[    4.097420] vgaarb: loaded
[    4.098066] vgaarb: bridge control possible 0000:00:02.0
[    4.099360] SCSI subsystem initialized
[    4.100374] ACPI: bus type USB registered
[    4.101277] usbcore: registered new interface driver usbfs
[    4.102645] usbcore: registered new interface driver hub
[    4.103872] usbcore: registered new device driver usb
[    4.105467] PCI: Using ACPI for IRQ routing
[    4.106765] NetLabel: Initializing
[    4.107536] NetLabel:  domain hash size = 128
[    4.108442] NetLabel:  protocols = UNLABELED CIPSOv4
[    4.109649] NetLabel:  unlabeled traffic allowed by default
[    4.111166] amd_nb: Cannot enumerate AMD northbridges
[    4.112266] clocksource: Switched to clocksource kvm-clock
[    4.119858] AppArmor: AppArmor Filesystem Enabled
[    4.120928] pnp: PnP ACPI init
[    4.122209] pnp: PnP ACPI: found 3 devices
[    4.131936] clocksource: acpi_pm: mask: 0xffffff max_cycles: 0xffffff, max_idle_ns: 2085701024 ns
[    4.133794] NET: Registered protocol family 2
[    4.135975] TCP established hash table entries: 32768 (order: 6, 262144 bytes)
[    4.137837] TCP bind hash table entries: 32768 (order: 7, 524288 bytes)
[    4.139837] TCP: Hash tables configured (established 32768 bind 32768)
[    4.141159] UDP hash table entries: 2048 (order: 4, 65536 bytes)
[    4.142271] UDP-Lite hash table entries: 2048 (order: 4, 65536 bytes)
[    4.143664] NET: Registered protocol family 1
[    4.144695] pci 0000:00:00.0: Limiting direct PCI/PCI transfers
[    4.145925] pci 0000:00:01.0: Activating ISA DMA hang workarounds
[    4.147278] Unpacking initramfs...
[    4.348484] Freeing initrd memory: 15360K
[    4.364910] PCI-DMA: Using software bounce buffering for IO (SWIOTLB)
[    4.365806] software IO TLB [mem 0xdbff0000-0xdfff0000] (64MB) mapped at [ffff8800dbff0000-ffff8800dffeffff]
[    4.389781] platform rtc_cmos: registered platform RTC device (no PNP device found)
[    4.390902] Scanning for low memory corruption every 60 seconds
[    4.392005] audit: initializing netlink subsys (disabled)
[    4.392793] audit: type=2000 audit(1532053641.312:1): initialized
[    4.393786] Initialise system trusted keyring
[    4.394546] HugeTLB registered 2 MB page size, pre-allocated 0 pages
[    4.396541] zbud: loaded
[    4.397297] VFS: Disk quotas dquot_6.6.0
[    4.397895] VFS: Dquot-cache hash table entries: 512 (order 0, 4096 bytes)
[    4.398945] squashfs: version 4.0 (2009/01/31) Phillip Lougher
[    4.399933] fuse init (API version 7.23)
[    4.400641] Key type big_key registered
[    4.401263] Allocating IMA MOK and blacklist keyrings.
[    4.403499] Key type asymmetric registered
[    4.404131] Asymmetric key parser 'x509' registered
[    4.457143] Block layer SCSI generic (bsg) driver version 0.4 loaded (major 249)
[    4.481025] io scheduler noop registered
[    4.481626] io scheduler deadline registered (default)
[    4.482381] io scheduler cfq registered
[    4.483042] pci_hotplug: PCI Hot Plug PCI Core version: 0.5
[    4.483769] pciehp: PCI Express Hot Plug Controller Driver version: 0.4
[    4.484813] ACPI: AC Adapter [AC] (on-line)
[    4.486359] input: Power Button as /devices/LNXSYSTM:00/LNXPWRBN:00/input/input0
[    4.487572] ACPI: Power Button [PWRF]
[    4.488409] input: Sleep Button as /devices/LNXSYSTM:00/LNXSLPBN:00/input/input1
[    4.489648] ACPI: Sleep Button [SLPF]
[    4.490370] GHES: HEST is not enabled!
[    4.490923] ACPI: Battery Slot [BAT0] (battery present)
[    4.569206] Serial: 8250/16550 driver, 32 ports, IRQ sharing enabled
[    4.610007] 00:02: ttyS0 at I/O 0x3f8 (irq = 4, base_baud = 115200) is a 16550A
[    4.620402] Linux agpgart interface v0.103
[    4.622957] loop: module loaded
[    4.623988] scsi host0: ata_piix
[    4.624651] scsi host1: ata_piix
[    4.625187] ata1: PATA max UDMA/33 cmd 0x1f0 ctl 0x3f6 bmdma 0xd000 irq 14
[    4.626081] ata2: PATA max UDMA/33 cmd 0x170 ctl 0x376 bmdma 0xd008 irq 15
[    4.627227] libphy: Fixed MDIO Bus: probed
[    4.628966] tun: Universal TUN/TAP device driver, 1.6
[    4.629727] tun: (C) 1999-2004 Max Krasnyansky <maxk@qualcomm.com>
[    4.630628] PPP generic driver version 2.4.2
[    4.631311] ehci_hcd: USB 2.0 'Enhanced' Host Controller (EHCI) Driver
[    4.632165] ehci-pci: EHCI PCI platform driver
[    4.632828] ehci-platform: EHCI generic platform driver
[    4.633571] ohci_hcd: USB 1.1 'Open' Host Controller (OHCI) Driver
[    4.634351] ohci-pci: OHCI PCI platform driver
[    4.635360] ohci-platform: OHCI generic platform driver
[    4.636250] uhci_hcd: USB Universal Host Controller Interface driver
[    4.685059] i8042: PNP: PS/2 Controller [PNP0303:PS2K,PNP0f03:PS2M] at 0x60,0x64 irq 1,12
[    4.706548] serio: i8042 KBD port at 0x60,0x64 irq 1
[    4.724730] serio: i8042 AUX port at 0x60,0x64 irq 12
[    4.729519] mousedev: PS/2 mouse device common for all mice
[    4.745393] input: AT Translated Set 2 keyboard as /devices/platform/i8042/serio0/input/input2
[    4.752727] rtc_cmos rtc_cmos: rtc core: registered rtc_cmos as rtc0
[    4.752787] rtc_cmos rtc_cmos: alarms up to one day, 114 bytes nvram
[    4.752794] i2c /dev entries driver
[    4.752845] device-mapper: uevent: version 1.0.3
[    4.752931] device-mapper: ioctl: 4.34.0-ioctl (2015-10-28) initialised: dm-devel@redhat.com
[    4.752949] ledtrig-cpu: registered to indicate activity on CPUs
[    4.753228] NET: Registered protocol family 10
[    4.753357] NET: Registered protocol family 17
[    4.753371] Key type dns_resolver registered
[    4.753567] registered taskstats version 1
[    4.753584] Loading compiled-in X.509 certificates
[    4.754086] Loaded X.509 cert 'Build time autogenerated kernel key: b3e0fe4bcd6378c38a2c0a4648abbc1fa5043a22'
[    4.754107] zswap: loaded using pool lzo/zbud
[    4.756598] Key type trusted registered
[    4.758846] Key type encrypted registered
[    4.758852] AppArmor: AppArmor sha1 policy hashing enabled
[    4.758856] ima: No TPM chip found, activating TPM-bypass!
[    4.758866] ima: Allocated hash algorithm: sha1
[    4.758888] evm: HMAC attrs: 0x1
[    4.759832]   Magic number: 10:643:460
[    4.760063] rtc_cmos rtc_cmos: setting system clock to 2018-07-20 02:27:20 UTC (1532053640)
[    4.760676] BIOS EDD facility v0.16 2004-Jun-25, 0 devices found
[    4.760677] EDD information not available.
[    4.858006] Freeing unused kernel memory: 1516K
[    4.868999] Write protecting the kernel read-only data: 14336k
[    4.871021] Freeing unused kernel memory: 1680K
[    4.872370] Freeing unused kernel memory: 96K
Loading, please wait...
starting version[    4.885550] random: systemd-udevd: uninitialized urandom read (16 bytes read, 3 bits of entropy available)
 229
[    4.887030] random: udevadm: uninitialized urandom read (16 bytes read, 3 bits of entropy available)
[    4.887052] random: udevadm: uninitialized urandom read (16 bytes read, 3 bits of entropy available)
[    4.895070] random: udevadm: uninitialized urandom read (16 bytes read, 3 bits of entropy available)
[    4.895116] random: udevadm: uninitialized urandom read (16 bytes read, 3 bits of entropy available)
[    4.895239] random: udevadm: uninitialized urandom read (16 bytes read, 3 bits of entropy available)
[    4.895284] random: udevadm: uninitialized urandom read (16 bytes read, 3 bits of entropy available)
[    4.895328] random: udevadm: uninitialized urandom read (16 bytes read, 3 bits of entropy available)
[    4.895370] random: udevadm: uninitialized urandom read (16 bytes read, 3 bits of entropy available)
[    4.895410] random: udevadm: uninitialized urandom read (16 bytes read, 3 bits of entropy available)
[    4.973168] Fusion MPT base driver 3.04.20
[    4.976173] Copyright (c) 1999-2008 LSI Corporation
[    4.993940] e1000: Intel(R) PRO/1000 Network Driver - version 7.3.21-k8-NAPI
[    4.996569] e1000: Copyright (c) 1999-2006 Intel Corporation.
[    5.009130] Fusion MPT SPI Host driver 3.04.20
[    5.015793] mptbase: ioc0: Initiating bringup
[    5.026909] AVX2 version of gcm_enc/dec engaged.
[    5.028878] AES CTR mode by8 optimization enabled
[    5.095792] ioc0: LSI53C1030 A0: Capabilities={Initiator}
[    5.399822] input: ImExPS/2 Generic Explorer Mouse as /devices/platform/i8042/serio1/input/input4
[    5.413710] tsc: Refined TSC clocksource calibration: 2496.214 MHz
[    5.421628] clocksource: tsc: mask: 0xffffffffffffffff max_cycles: 0x23fb41223a5, max_idle_ns: 440795222042 ns
[    5.578440] scsi host2: ioc0: LSI53C1030 A0, FwRev=00000000h, Ports=1, MaxQ=256, IRQ=20
[    5.697435] scsi 2:0:0:0: Direct-Access     VBOX     HARDDISK         1.0  PQ: 0 ANSI: 5
[    5.718959] scsi target2:0:0: Beginning Domain Validation
[    5.733178] scsi target2:0:0: Domain Validation skipping write tests
[    5.735291] scsi target2:0:0: Ending Domain Validation
[    5.736135] scsi target2:0:0: asynchronous
[    5.744467] scsi 2:0:1:0: Direct-Access     VBOX     HARDDISK         1.0  PQ: 0 ANSI: 5
[    5.745884] scsi target2:0:1: Beginning Domain Validation
[    5.747779] scsi target2:0:1: Domain Validation skipping write tests
[    5.748694] scsi target2:0:1: Ending Domain Validation
[    5.749603] scsi target2:0:1: asynchronous
[    5.761313] sd 2:0:0:0: Attached scsi generic sg0 type 0
[    5.762291] sd 2:0:0:0: [sda] 20971520 512-byte logical blocks: (10.7 GB/10.0 GiB)
[    5.765031] sd 2:0:1:0: Attached scsi generic sg1 type 0
[    5.766731] sd 2:0:1:0: [sdb] 20480 512-byte logical blocks: (10.5 MB/10.0 MiB)
[    5.768495] sd 2:0:1:0: [sdb] Write Protect is off
[    5.769310] sd 2:0:0:0: [sda] Write Protect is off
[    5.771468] sd 2:0:1:0: [sdb] Incomplete mode parameter data
[    5.772541] sd 2:0:1:0: [sdb] Assuming drive cache: write through
[    5.773922] sd 2:0:0:0: [sda] Incomplete mode parameter data
[    5.774925] sd 2:0:0:0: [sda] Assuming drive cache: write through
[    5.778735]  sda: sda1
[    5.781449] sd 2:0:1:0: [sdb] Attached SCSI disk
[    5.782454] sd 2:0:0:0: [sda] Attached SCSI disk
[    6.060472] e1000 0000:00:03.0 eth0: (PCI:33MHz:32-bit) 02:40:c1:fa:9b:f5
[    6.196932] e1000 0000:00:03.0 eth0: Intel(R) PRO/1000 Network Connection
[    6.554100] e1000 0000:00:08.0 eth1: (PCI:33MHz:32-bit) 08:00:27:93:a9:fc
[    6.736245] e1000 0000:00:08.0 eth1: Intel(R) PRO/1000 Network Connection
[    6.738142] e1000 0000:00:08.0 enp0s8: renamed from eth1
[    6.749226] e1000 0000:00:03.0 enp0s3: renamed from eth0
Begin: Loading e[    8.320034] md: linear personality registered for level -1
ssential drivers[    8.419254] md: multipath personality registered for level -4
 ... [    8.552207] md: raid0 personality registered for level 0
[    8.610169] md: raid1 personality registered for level 1
[    8.756313] raid6: sse2x1   gen() 11327 MB/s
[    8.840313] raid6: sse2x1   xor()  8099 MB/s
[    8.916318] raid6: sse2x2   gen() 13911 MB/s
[    9.064327] raid6: sse2x2   xor()  9442 MB/s
[    9.132365] raid6: sse2x4   gen() 15668 MB/s
[    9.216354] raid6: sse2x4   xor() 10091 MB/s
[    9.340314] raid6: avx2x1   gen() 21833 MB/s
[    9.476328] raid6: avx2x2   gen() 25091 MB/s
[    9.620303] raid6: avx2x4   gen() 28060 MB/s
[    9.625038] raid6: using algorithm avx2x4 gen() 28060 MB/s
[    9.633004] raid6: using avx2x2 recovery algorithm
[    9.706904] xor: automatically using best checksumming function:
[    9.811153]    avx       : 62119.000 MB/sec
[    9.967725] async_tx: api initialized (async)
[   10.019961] md: raid6 personality registered for level 6
[   10.033015] md: raid5 personality registered for level 5
[   10.044811] md: raid4 personality registered for level 4
[   10.066838] md: raid10 personality registered for level 10
done.
Begin: Running /scripts/init-p[   10.094552] Btrfs loaded
remount ... done.
Begin: Mounting root file system ... Begin: Running /scripts/[   10.148573] EXT4-fs (sda1): INFO: recovery required on readonly filesystem
local-top ... done.
Begin: Running /scripts/local-premount ... Scanning for Btrfs filesystems
done.
Warning: [   10.199204] EXT4-fs (sda1): write access will be enabled during recovery
fsck not present, so skipping root file system
[   10.395386] EXT4-fs (sda1): orphan cleanup on readonly fs
[   10.398090] EXT4-fs (sda1): 7 orphan inodes deleted
[   10.399218] EXT4-fs (sda1): recovery complete
[   10.401545] EXT4-fs (sda1): mounted filesystem with ordered data mode. Opts: (null)
done.
Begin: Running /scripts/local-bottom ... done.
Begin: Running /scripts/init-bottom ... done.
[   10.618063] systemd[1]: systemd 229 running in system mode. (+PAM +AUDIT +SELINUX +IMA +APPARMOR +SMACK +SYSVINIT +UTMP +LIBCRYPTSETUP +GCRYPT +GNUTLS +ACL +XZ -LZ4 +SECCOMP +BLKID +ELFUTILS +KMOD -IDN)
[   10.768378] systemd[1]: Detected virtualization oracle.
[   10.769099] systemd[1]: Detected architecture x86-64.

Welcome to [1mUbuntu 16.04.4 LTS[0m!

[   10.772306] systemd[1]: Set hostname to <ubuntu-xenial>.
[   11.004622] systemd[1]: Listening on Journal Audit Socket.
[[0;32m  OK  [0m] Listening on Journal Audit Socket.
[   11.047328] systemd[1]: Listening on Syslog Socket.
[[0;32m  OK  [0m] Listening on Syslog Socket.
[   11.127109] systemd[1]: Listening on /dev/initctl Compatibility Named Pipe.
[[0;32m  OK  [0m] Listening on /dev/initctl Compatibility Named Pipe.
[   11.140172] systemd[1]: Reached target User and Group Name Lookups.
[[0;32m  OK  [0m] Reached target User and Group Name Lookups.
[   11.267836] systemd[1]: Created slice System Slice.
[[0;32m  OK  [0m] Created slice System Slice.
[   11.276550] systemd[1]: Listening on LVM2 poll daemon socket.
[[0;32m  OK  [0m] Listening on LVM2 poll daemon socket.
[   11.331516] systemd[1]: Reached target Encrypted Volumes.
[[0;32m  OK  [0m] Reached target Encrypted Volumes.
[   11.477697] systemd[1]: Created slice system-serial\x2dgetty.slice.
[[0;32m  OK  [0m] Created slice system-serial\x2dgetty.slice.
[   11.510857] systemd[1]: Reached target System Time Synchronized.
[[0;32m  OK  [0m] Reached target System Time Synchronized.
[   11.522756] systemd[1]: Listening on Device-mapper event daemon FIFOs.
[[0;32m  OK  [0m] Listening on Device-mapper event daemon FIFOs.
[   11.525297] systemd[1]: Listening on udev Kernel Socket.
[[0;32m  OK  [0m] Listening on udev Kernel Socket.
[   11.538047] systemd[1]: Reached target Swap.
[[0;32m  OK  [0m] Reached target Swap.
[   11.567598] systemd[1]: Set up automount Arbitrary Executable File Formats File System Automount Point.
[[0;32m  OK  [0m] Set up automount Arbitrary Executab...ats File System Automount Point.
[   11.588612] systemd[1]: Started Trigger resolvconf update for networkd DNS.
[[0;32m  OK  [0m] Started Trigger resolvconf update for networkd DNS.
[   11.608201] systemd[1]: Listening on LVM2 metadata daemon socket.
[[0;32m  OK  [0m] Listening on LVM2 metadata daemon socket.
[   11.657828] systemd[1]: Created slice User and Session Slice.
[[0;32m  OK  [0m] Created slice User and Session Slice.
[   11.677667] systemd[1]: Listening on udev Control Socket.
[[0;32m  OK  [0m] Listening on udev Control Socket.
[   11.717437] systemd[1]: Listening on Journal Socket.
[[0;32m  OK  [0m] Listening on Journal Socket.
[   11.776483] systemd[1]: Starting Monitoring of LVM2 mirrors, snapshots etc. using dmeventd or progress polling...
         Starting Monitoring of LVM2 mirrors... dmeventd or progress polling...
[   11.783254] systemd[1]: Starting Nameserver information manager...
         Starting Nameserver information manager...
[   11.797462] systemd[1]: Starting Load Kernel Modules...
         Starting Load Ke[   11.835399] Loading iSCSI transport class v2.0-870.
rnel Modules...[   11.980651] random: nonblocking pool is initialized

[   12.141340] iscsi: registered transport (tcp)
[   12.172577] systemd[1]: Starting Uncomplicated firewall...
         Starting Uncomplicated firewall...
[   12.175550] systemd[1]: Mounting Huge Pages File System...
         Mounting Huge Pages File System...
[   12.181959] systemd[1]: Starting Set console keymap...
         Starting Set console keymap...
[   12.185554] systemd[1]: Starting Remount Root and Kernel File Systems...
         Starting Remount Root and Kernel File Systems...
[   12.191344] systemd[1]: Mounting Debug File System...
         Mounting Debug File System...
[   12.195616] EXT4-fs (sda1): re-mounted. Opts: (null)
[   12.197581] systemd[1]: Starting Create list of required static device nodes for the current kernel...
         Starting Create list of required st... nodes for the current kernel...
[   12.209357] systemd[1]: Mounting POSIX Message Queue File System...
         Mounting POSIX Message Queue File System...
[   12.215119] systemd[1]: Started Forward Password Requests to Wall Directory Watch.
[[0;32m  OK  [0m] Started Forward Password Requests to Wall Directory Watch.
[   12.219965] systemd[1]: Reached target Slices.
[[0;32m  OK  [0m] Reached target Slices.
[   12.222038] systemd[1]: Listening on Journal Socket (/dev/log).
[[0;32m  OK  [0m] Listening on Journal Socket (/dev/log).
[   12.224946] systemd[1]: Starting Journal Service...
         Starting Journal Service...
[   12.228634] systemd[1]: Mounted Debug File System.
[[0;32m  OK  [0m] Mounted Debug File System.
[   12.231351] systemd[1]: Mounted POSIX Message Queue File System.
[[0;32m  OK  [0m] Mounted POSIX Message Queue File System.
[   12.234928] systemd[1]: Mounted Huge Pages File System.
[[0;32m  OK  [0m] Mounted Huge Pages File System.
[   12.239185] systemd[1]: Started Uncomplicated firewall.
[[0;32m  OK  [0m] Started Uncomplicated firewall.
[   12.242603] systemd[1]: Started Remount Root and Kernel File Systems.
[[0;32m  OK  [0m] Started Remount Root and Kernel File Systems.
[   12.246896] systemd[1]: Started Create list of required static device nodes for the current kernel.
[[0;32m  OK  [0m] Started Create list of required sta...ce nodes for the current kernel.
[   12.252836] iscsi: registered transport (iser)
[   12.253103] systemd[1]: Started Set console keymap.
[[0;32m  OK  [0m] Started Set console keymap.
[   12.256308] systemd[1]: Started Nameserver information manager.
[[0;32m  OK  [0m] Started Nameserver information manager.
[   12.259990] systemd[1]: Started Load Kernel Modules.
[[0;32m  OK  [0m] Started Load Kernel Modules.
[   12.275927] systemd[1]: Started Journal Service.
[[0;32m  OK  [0m] Started Journal Service.
[[0;32m  OK  [0m] Started LVM2 metadata daemon.
         Mounting FUSE Control File System...
         Starting Apply Kernel Variables...
         Starting Create Static Device Nodes in /dev...
         Starting udev Coldplug all Devices...
         Starting Flush Journal to Persistent Storage...
         Starting Load/Save Random Seed...
[[0;32m  OK  [0m] Mounted FUSE Control File System.
[[0;32m  OK  [0m] Started Load/Save Random Seed.
[[0;32m  OK  [0m] Started Apply Kernel Variables.
[[0;32m  OK  [0m] Started Create Static Device Nodes in /dev.
[[0;32m  OK  [0m] Started Flush Journal to Persistent Storage.
         Starting udev Kernel Device Manager...
[[0;32m  OK  [0m] Started udev Coldplug all Devices.
[[0;32m  OK  [0m] Started udev Kernel Device Manager.
[[0;32m  OK  [0m] Started Dispatch Password Requests to Console Directory Watch.
[[0;32m  OK  [0m] Found device /dev/ttyS0.
[[0;32m  OK  [0m] Started Monitoring of LVM2 mirrors,...ng dmeventd or progress polling.
[[0;32m  OK  [0m] Reached target Local File Systems (Pre).
[[0;32m  OK  [0m] Reached target Local File Systems.
         Starting Create Volatile Files and Directories...
         Starting Initial cloud-init job (pre-networking)...
         Starting Set console font and keymap...
         Starting Tell Plymouth To Write Out Runtime Data...
         Starting LSB: AppArmor initialization...
[[0;32m  OK  [0m] Started Create Volatile Files and Directories.
[[0;32m  OK  [0m] Started Tell Plymouth To Write Out Runtime Data.
[[0;32m  OK  [0m] Found device 82540EM Gigabit Ethern...r (PRO/1000 MT Desktop Adapter).
[[0;32m  OK  [0m] Found device 82540EM Gigabit Ethern...r (PRO/1000 MT Desktop Adapter).
         Starting Update UTMP about System Boot/Shutdown...
[[0;32m  OK  [0m] Listening on Load/Save RF Kill Switch Status /dev/rfkill Watch.
[[0;32m  OK  [0m] Started Update UTMP about System Boot/Shutdown.
[[0;32m  OK  [0m] Started LSB: AppArmor initialization.
[   10.013745] cloud-init[576]: Cloud-init v. 18.2 running 'init-local' at Fri, 20 Jul 2018 02:27:29 +0000. Up 9.73 seconds.
[[0;32m  OK  [0m] Started Set console font and keymap.
[[0;32m  OK  [0m] Created slice system-getty.slice.
[[0;32m  OK  [0m] Started Initial cloud-init job (pre-networking).
[[0;32m  OK  [0m] Reached target Network (Pre).
[[0;32m  OK  [0m] Started ifup for enp0s8.
[[0;32m  OK  [0m] Started ifup for enp0s3.
         Starting Raise network interfaces...
[[0;32m  OK  [0m] Started Raise network interfaces.
[[0;32m  OK  [0m] Reached target Network.
         Starting Initial cloud-init job (metadata service crawler)...
[   11.122249] cloud-init[1088]: Cloud-init v. 18.2 running 'init' at Fri, 20 Jul 2018 02:27:30 +0000. Up 10.81 seconds.
[   11.248138] cloud-init[[0;32m  OK  [0m] Started Initial cloud-init job (metadata service crawler).
[1088]: ci-info: ++++++++++++++++++++++++++++++++++++++Net device info++++++++++++++++++++++++++++++++++++++[[0;32m  OK  [0m] Reached target Network is Online.

[   11.262113] cloud-init[1088]: ci-info: +--------+------+-----------------------------+---------------+-------+-------------------+
[   11.266652] cloud-init[1088]: ci-info: | Device |  Up  |           Address           |      Mask     | Scope |     Hw-Address    |
[   11.270482] cloud-init[1088]: ci-info: +--------+------+-----------------------------+---------------+-------+-------------------+
[   11.273809] cloud-init[1088]: ci-info: | enp0s3 | True |          10.0.2.15          | 255.255.255.0 |   .   | 02:40:c1:fa:9b:f5 |         Starting iSCSI initiator daemon (iscsid)...
[[0;32m  OK  [0m] Reached target Cloud-config availability.
[[0;32m  OK  [0m] Reached target System Initialization.

[[0;32m  OK  [0m] Started Daily apt download activities.
[[0;32m  OK  [0m] Listening on D-Bus System Message Bus Socket.
[[0;32m  OK  [0m] Started Daily apt upgrade and clean activities.
         Starting LXD - unix socket.
[[0;32m  OK  [0m] Listening on UUID daemon activation socket.
[[0;32m  OK  [0m] Started Daily Cleanup of Temporary Directories.
[[0;32m  OK  [0m] Reached target Timers.
[[0;32m  OK  [0m] Listening on ACPID Listen Socket.
         Starting Socket activation for snappy daemon.
[   11.279805] cloud-init[1088]: ci-info: | enp0s3 | True |  fe80::40:c1ff:fefa:9bf5/64 |       .       |  link | 02:40:c1:fa:9b:f5 |
[   11.290248] cloud-init[1088]: ci-info: | enp0s8 | True |         10.10.10.90         | 255.255.255.0 |   .   | 08:00:27:93:a9:fc |
[   11.293670] cloud-init[1088]: ci-info: | enp0s8 | True | fe80::a00:27ff:fe93:a9fc/64 |       .       |  link | 08:00:27:93:a9:fc |
[   11.296264] cloud-init[1088]: ci-info: |   lo   | True |          127.0.0.1          |   255.0.0.0   |   .   |         .         |
[   11.298474] cloud-init[1088]: ci-info: |   lo   | True |           ::1/128           |       .       |  host |         .         |
[   11.301375] cloud-init[1088]: ci-info: +--------+------+-----------------------------+---------------+-------+-------------------+
[   11.303712] cloud-init[1088]: ci-info: +++++++++++++++++++++++++++Route IPv4 info++++++++++++++++++++++++++++
[   11.306122] cloud-init[1088]: ci-info: +-------+-------------+----------+---------------+-----------+-------+
[   11.308951] cloud-init[1088]: ci-info: | Route | Destination | Gateway  |    Genmask    | Interface | Flags |
[   11.311086] cloud-init[1088]: ci-info: +-------+-------------+----------+---------------+-----------+-------+
[   11.313423] cloud-init[1088]: ci-info: |   0   |   0.0.0.0   | 10.0.2.2 |    0.0.0.0    |   enp0s3  |   UG  |
[   11.315777] cloud-init[1088]: ci-info: |   1   |   10.0.2.0  | 0.0.0.0  | 255.255.255.0 |   enp0s3  |   U   |
[   11.317656] cloud-init[1088]: ci-info: |   2   |  10.10.10.0 | 0.0.0.0  | 255.255.255.0 |   enp0s8  |   U   |
[   11.319492] cloud-init[1088]: ci-info: +-------+-------------+----------+---------------+-----------+-------+
[[0;32m  OK  [0m] Started ACPI Events Check.
[[0;32m  OK  [0m] Reached target Paths.
[[0;32m  OK  [0m] Listening on LXD - unix socket.
[[0;32m  OK  [0m] Listening on Socket activation for snappy daemon.
[[0;32m  OK  [0m] Reached target Sockets.
[[0;32m  OK  [0m] Reached target Basic System.
[[0;32m  OK  [0m] Started ACPI event daemon.
         Starting System Logging Service...
         Starting MySQL Community Server...
[[0;32m  OK  [0m] Started D-Bus System Message Bus.
         Starting LXD - container startup/shutdown...
         Starting Login Service...
[[0;32m  OK  [0m] Started Unattended Upgrades Shutdown.
[[0;32m  OK  [0m] Started Regular background program processing daemon.
         Starting Virtualbox guest utils...
         Starting /etc/rc.local Compatibility...
         Starting Accounts Service...
         Starting Apply the settings specified in cloud-config...
         Starting LSB: Record successful boot for GRUB...
         Starting LSB: MD monitoring daemon...
[[0;32m  OK  [0m] Started Deferred execution scheduler.
[[0;32m  OK  [0m] Started FUSE filesystem for LXC.
         Starting The PHP 7.0 FastCGI Process Manager...
         Starting Snappy daemon...
         Starting OpenBSD Secure Shell server...
[[0;32m  OK  [0m] Started System Logging Service.
[[0;32m  OK  [0m] Started iSCSI initiator daemon (iscsid).
[[0;32m  OK  [0m] Started LXD - container startup/shutdown.
[[0;32m  OK  [0m] Started /etc/rc.local Compatibility.
         Starting Login to default iSCSI targets...
[[0;32m  OK  [0m] Started Login Service.
[[0;32m  OK  [0m] Started LSB: MD monitoring daemon.
[[0;32m  OK  [0m] Started LSB: Record successful boot for GRUB.
[[0;32m  OK  [0m] Started OpenBSD Secure Shell server.
         Starting Authenticate and Authorize Users to Run Privileged Tasks...
[[0;32m  OK  [0m] Started Login to default iSCSI targets.
[[0;32m  OK  [0m] Reached target Remote File Systems (Pre).
[[0;32m  OK  [0m] Reached target Remote File Systems.
         Starting LSB: automatic crash report generation...
         Starting LSB: Set the CPU Frequency Scaling governor to "ondemand"...
         Starting LSB: Apache2 web server...
         Starting LSB: daemon to balance interrupts for SMP systems...
         Starting Permit User Sessions...
[[0;32m  OK  [0m] Started Permit User Sessions.
[[0;32m  OK  [0m] Started Authenticate and Authorize Users to Run Privileged Tasks.
[[0;32m  OK  [0m] Started Accounts Service.
[[0;32m  OK  [0m] Started Virtualbox guest utils.
         Starting Terminate Plymouth Boot Screen...
         Starting Hold until boot process finishes up...
[[0;32m  OK  [0m] Started LSB: Set the CPU Frequency Scaling governor to "ondemand".
[[0;32m  OK  [0m] Started Terminate Plymouth Boot Screen.
[[0;32m  OK  [0m] Started Hold until boot process finishes up.
[[0;32m  OK  [0m] Started LSB: automatic crash report generation.
         Starting Set console scheme...
[[0;32m  OK  [0m] Started Serial Getty on ttyS0.
[[0;32m  OK  [0m] Started Getty on tty1.
[[0;32m  OK  [0m] Reached target Login Prompts.
[[0;32m  OK  [0m] Started LSB: daemon to balance interrupts for SMP systems.
[[0;32m  OK  [0m] Started Set console scheme.
[[0;32m  OK  [0m] Started Snappy daemon.
         Starting Wait until snapd is fully seeded...
[[0;32m  OK  [0m] Started Wait until snapd is fully seeded.
[   12.552011] cloud-init[1185]: Cloud-init v. 18.2 running 'modules:config' at Fri, 20 Jul 2018 02:27:31 +0000. Up 12.40 seconds.
[[0;32m  OK  [0m] Started The PHP 7.0 FastCGI Process Manager.
[[0;32m  OK  [0m] Started Apply the settings specified in cloud-config.
[[0;32m  OK  [0m] Started LSB: Apache2 web server.
[[0;32m  OK  [0m] Started MySQL Community Server.
[[0;32m  OK  [0m] Reached target Multi-User System.
[[0;32m  OK  [0m] Reached target Graphical Interface.
         Starting Update UTMP about System Runlevel Changes...
         Starting Execute cloud user/final scripts...
[[0;32m  OK  [0m] Started Update UTMP about System Runlevel Changes.
[   14.414633] cloud-init[1432]: Cloud-init v. 18.2 running 'modules:final' at Fri, 20 Jul 2018 02:27:33 +0000. Up 14.29 seconds.
[   14.420732] cloud-init[1432]: Cloud-init v. 18.2 finished at Fri, 20 Jul 2018 02:27:33 +0000. Datasource DataSourceNoCloud [seed=/dev/sdb][dsmode=net].  Up 14.40 seconds
[[0;32m  OK  [0m] Started Execute cloud user/final scripts.
         Starting Daily apt download activities...
[[0;32m  OK  [0m] Reached target Cloud-init target.
[[0;32m  OK  [0m] Created slice User Slice of vagrant.
         Starting User Manager for UID 1000...
[[0;32m  OK  [0m] Started Session 1 of user vagrant.
[[0;32m  OK  [0m] Started User Manager for UID 1000.

Ubuntu 16.04.4 LTS ubuntu-xenial ttyS0

ubuntu-xenial login: 